

*******************************************************************************
Sun Jun 16 21:12:50 2019


FIT:    data read from 'colours_ts22.txt' using 1:2
        format = x:z
        #datapoints = 976
        residuals are weighted equally (unit weight)

function used for fitting: gaussr(x)
	gaussr(x)=amplitude/(sigma*sqrt(2.*pi))*exp(-(x-position)**2/(2.*sigma**2))
fitted parameters initialized with current variable values

iter      chisq       delta/lim  lambda   amplitude     position      sigma        
   0 6.8608628913e+05   0.00e+00  6.38e+04    7.000000e+06   1.555938e+09   1.850000e+04
   1 6.8608628913e+05   0.00e+00  6.38e+11    7.000000e+06   1.555938e+09   1.850000e+04

After 1 iterations the fit converged.
final sum of squares of residuals : 686086
rel. change during last iteration : 0

degrees of freedom    (FIT_NDF)                        : 973
rms of residuals      (FIT_STDFIT) = sqrt(WSSR/ndf)    : 26.5542
variance of residuals (reduced chisquare) = WSSR/ndf   : 705.125

Final set of parameters            Asymptotic Standard Error
=======================            ==========================
amplitude       = 7e+06            +/- 7.389e+17    (1.056e+13%)
position        = 1.55594e+09      +/- 1.642e+17    (1.056e+10%)
sigma           = 18500            +/- 268.7        (1.453%)

correlation matrix of the fit parameters:
                amplit positi sigma  
amplitude       1.000 
position        1.000  1.000 
sigma           0.004  0.004  1.000 


*******************************************************************************
Sun Jun 16 21:13:35 2019


FIT:    data read from 'colours_ts22.txt' using 1:2
        format = x:z
        #datapoints = 976
        residuals are weighted equally (unit weight)

function used for fitting: gaussr(x)
	gaussr(x)=amplitude/(sigma*sqrt(2.*pi))*exp(-(x-position)**2/(2.*sigma**2))
fitted parameters initialized with current variable values

iter      chisq       delta/lim  lambda   amplitude     position      sigma        
   0 6.6240887660e+05   0.00e+00  6.38e+04    7.000000e+06   1.555938e+09   1.850000e+04
   1 6.6240887660e+05   0.00e+00  6.38e+11    7.000000e+06   1.555938e+09   1.850000e+04

After 1 iterations the fit converged.
final sum of squares of residuals : 662409
rel. change during last iteration : 0

degrees of freedom    (FIT_NDF)                        : 973
rms of residuals      (FIT_STDFIT) = sqrt(WSSR/ndf)    : 26.092
variance of residuals (reduced chisquare) = WSSR/ndf   : 680.79

Final set of parameters            Asymptotic Standard Error
=======================            ==========================
amplitude       = 7e+06            +/- 7.095e+17    (1.014e+13%)
position        = 1.55594e+09      +/- 1.577e+17    (1.014e+10%)
sigma           = 18500            +/- 263.9        (1.426%)

correlation matrix of the fit parameters:
                amplit positi sigma  
amplitude       1.000 
position        1.000  1.000 
sigma           0.012  0.012  1.000 


*******************************************************************************
Sun Jun 16 21:15:12 2019


FIT:    data read from 'colours_ts22.txt' using 1:2
        format = x:z
        #datapoints = 976
        residuals are weighted equally (unit weight)

function used for fitting: gaussr(x)
	gaussr(x)=amplitude/(sigma*sqrt(2.*pi))*exp(-(x-position)**2/(2.*sigma**2))
fitted parameters initialized with current variable values

iter      chisq       delta/lim  lambda   amplitude     position      sigma        
   0 6.6240887660e+05   0.00e+00  6.38e+04    7.000000e+06   1.555938e+09   1.850000e+04
   1 6.6240887660e+05   0.00e+00  6.38e+11    7.000000e+06   1.555938e+09   1.850000e+04

After 1 iterations the fit converged.
final sum of squares of residuals : 662409
rel. change during last iteration : 0

degrees of freedom    (FIT_NDF)                        : 973
rms of residuals      (FIT_STDFIT) = sqrt(WSSR/ndf)    : 26.092
variance of residuals (reduced chisquare) = WSSR/ndf   : 680.79

Final set of parameters            Asymptotic Standard Error
=======================            ==========================
amplitude       = 7e+06            +/- 7.095e+17    (1.014e+13%)
position        = 1.55594e+09      +/- 1.577e+17    (1.014e+10%)
sigma           = 18500            +/- 263.9        (1.426%)

correlation matrix of the fit parameters:
                amplit positi sigma  
amplitude       1.000 
position        1.000  1.000 
sigma           0.012  0.012  1.000 


*******************************************************************************
Sun Jun 16 21:16:00 2019


FIT:    data read from 'colours_ts22.txt' using 1:2
        format = x:z
        #datapoints = 976
        residuals are weighted equally (unit weight)

function used for fitting: gaussr(x)
	gaussr(x)=amplitude/(sigma*sqrt(2.*pi))*exp(-(x-position)**2/(2.*sigma**2))
fitted parameters initialized with current variable values

iter      chisq       delta/lim  lambda   amplitude     position      sigma        
   0 6.2168933309e+05   0.00e+00  6.29e+04    7.000000e+06   1.555938e+09   1.900000e+04
   1 6.2168933309e+05   0.00e+00  6.29e+10    7.000000e+06   1.555938e+09   1.900000e+04

After 1 iterations the fit converged.
final sum of squares of residuals : 621689
rel. change during last iteration : 0

degrees of freedom    (FIT_NDF)                        : 973
rms of residuals      (FIT_STDFIT) = sqrt(WSSR/ndf)    : 25.2773
variance of residuals (reduced chisquare) = WSSR/ndf   : 638.941

Final set of parameters            Asymptotic Standard Error
=======================            ==========================
amplitude       = 7e+06            +/- 7.49e+17     (1.07e+13%)
position        = 1.55594e+09      +/- 1.665e+17    (1.07e+10%)
sigma           = 19000            +/- 274.4        (1.444%)

correlation matrix of the fit parameters:
                amplit positi sigma  
amplitude       1.000 
position        1.000  1.000 
sigma           0.023  0.023  1.000 


*******************************************************************************
Sun Jun 16 21:19:06 2019


FIT:    data read from 'colours_ts22.txt' using 1:2
        format = x:z
        #datapoints = 976
        residuals are weighted equally (unit weight)

function used for fitting: gaussr(x)
	gaussr(x)=amplituder/(sigmar*sqrt(2.*pi))*exp(-(x-positionr)**2/(2.*sigmar**2))
fitted parameters initialized with current variable values

iter      chisq       delta/lim  lambda   amplitude     position      sigma        
   0 6.2168933309e+05   0.00e+00  0.00e+00    1.000000e+00   1.000000e+00   1.000000e+00
BREAK: Singular matrix in Givens()

*******************************************************************************
Sun Jun 16 21:27:42 2019


FIT:    data read from 'colours_ts22.txt' using 1:2
        format = x:z
        #datapoints = 976
        residuals are weighted equally (unit weight)

function used for fitting: gaussr(x)
	gaussr(x)=amplituder/(sigmar*sqrt(2.*pi))*exp(-(x-positionr)**2/(2.*sigmar**2))
fitted parameters initialized with current variable values

iter      chisq       delta/lim  lambda   amplituder    positionr     sigmar       
   0 6.7885792385e+05   0.00e+00  6.18e+04    7.000000e+06   1.555932e+09   1.950000e+04
   1 6.7885792385e+05   0.00e+00  6.18e+11    7.000000e+06   1.555932e+09   1.950000e+04

After 1 iterations the fit converged.
final sum of squares of residuals : 678858
rel. change during last iteration : 0

degrees of freedom    (FIT_NDF)                        : 973
rms of residuals      (FIT_STDFIT) = sqrt(WSSR/ndf)    : 26.4139
variance of residuals (reduced chisquare) = WSSR/ndf   : 697.696

Final set of parameters            Asymptotic Standard Error
=======================            ==========================
amplituder      = 7e+06            +/- 7.445e+17    (1.064e+13%)
positionr       = 1.55593e+09      +/- 1.655e+17    (1.064e+10%)
sigmar          = 19500            +/- 306.9        (1.574%)

correlation matrix of the fit parameters:
                amplit positi sigmar 
amplituder      1.000 
positionr       1.000  1.000 
sigmar         -0.016 -0.016  1.000 


*******************************************************************************
Sun Jun 16 21:27:42 2019


FIT:    data read from 'colours_ts22.txt' using 1:3
        format = x:z
        #datapoints = 976
        residuals are weighted equally (unit weight)

function used for fitting: gaussg(x)
	gaussg(x)=amplitudeg/(sigmag*sqrt(2.*pi))*exp(-(x-positiong)**2/(2.*sigmag**2))
fitted parameters initialized with current variable values

iter      chisq       delta/lim  lambda   amplitudeg    positiong     sigmag       
   0 9.8795781372e+05   0.00e+00  8.02e+04    9.000000e+06   1.555935e+09   1.925000e+04
   9 9.8587759982e+05  -1.10e-03  8.02e+07    9.000000e+06   1.555935e+09   1.925000e+04

After 9 iterations the fit converged.
final sum of squares of residuals : 985878
rel. change during last iteration : -1.10353e-08

degrees of freedom    (FIT_NDF)                        : 973
rms of residuals      (FIT_STDFIT) = sqrt(WSSR/ndf)    : 31.8314
variance of residuals (reduced chisquare) = WSSR/ndf   : 1013.23

Final set of parameters            Asymptotic Standard Error
=======================            ==========================
amplitudeg      = 9e+06            +/- 9.374e+17    (1.042e+13%)
positiong       = 1.55593e+09      +/- 1.621e+17    (1.042e+10%)
sigmag          = 19250            +/- 278.1        (1.445%)

correlation matrix of the fit parameters:
                amplit positi sigmag 
amplitudeg      1.000 
positiong       1.000  1.000 
sigmag          0.008  0.008  1.000 


*******************************************************************************
Sun Jun 16 21:27:42 2019


FIT:    data read from 'colours_ts22.txt' using 1:4
        format = x:z
        #datapoints = 976
        residuals are weighted equally (unit weight)

function used for fitting: gaussb(x)
	gaussb(x)=amplitudeb/(sigmab*sqrt(2.*pi))*exp(-(x-positionb)**2/(2.*sigmab**2))
fitted parameters initialized with current variable values

iter      chisq       delta/lim  lambda   amplitudeb    positionb     sigmab       
   0 2.6422144079e+06   0.00e+00  7.18e+04    8.000000e+06   1.555938e+09   1.900000e+04
   9 2.2952380088e+06   0.00e+00  7.18e+11    8.000000e+06   1.555933e+09   1.900000e+04

After 9 iterations the fit converged.
final sum of squares of residuals : 2.29524e+06
rel. change during last iteration : 0

degrees of freedom    (FIT_NDF)                        : 973
rms of residuals      (FIT_STDFIT) = sqrt(WSSR/ndf)    : 48.5688
variance of residuals (reduced chisquare) = WSSR/ndf   : 2358.93

Final set of parameters            Asymptotic Standard Error
=======================            ==========================
amplitudeb      = 8e+06            +/- 1.35e+18     (1.687e+13%)
positionb       = 1.55593e+09      +/- 2.625e+17    (1.687e+10%)
sigmab          = 19000            +/- 460.7        (2.425%)

correlation matrix of the fit parameters:
                amplit positi sigmab 
amplitudeb      1.000 
positionb       1.000  1.000 
sigmab         -0.022 -0.022  1.000 


*******************************************************************************
Sun Jun 16 21:54:44 2019


FIT:    data read from 'colours_ts22.txt' using 1:2
        format = x:z
        #datapoints = 976
        residuals are weighted equally (unit weight)

function used for fitting: gaussr(x)
	gaussr(x)=amplituder/(sigmar*sqrt(2.*pi))*exp(-(x-positionr)**2/(2.*sigmar**2)) - amplituder/(x-positionr) ** 2
fitted parameters initialized with current variable values

iter      chisq       delta/lim  lambda   amplituder    positionr     sigmar       
   0 1.9177958666e+10   0.00e+00  2.56e+06    7.000000e+06   1.555932e+09   1.950000e+04
BREAK: Singular matrix in Invert_RtR

*******************************************************************************
Sun Jun 16 21:54:55 2019


FIT:    data read from 'colours_ts22.txt' using 1:2
        format = x:z
        #datapoints = 976
        residuals are weighted equally (unit weight)

function used for fitting: gaussr(x)
	gaussr(x)=amplituder/(sigmar*sqrt(2.*pi))*exp(-(x-positionr)**2/(2.*sigmar**2)) - amplituder/(x-positionr) ** 2
fitted parameters initialized with current variable values

iter      chisq       delta/lim  lambda   amplituder    positionr     sigmar       
   0 1.9177958666e+10   0.00e+00  2.56e+06    7.000000e+06   1.555932e+09   1.950000e+04
BREAK: Singular matrix in Invert_RtR

*******************************************************************************
Sun Jun 16 21:55:37 2019


FIT:    data read from 'colours_ts22.txt' using 1:2
        format = x:z
        #datapoints = 976
        residuals are weighted equally (unit weight)

function used for fitting: gaussr(x)
	gaussr(x)=(amplituder/(sigmar*sqrt(2.*pi))*exp(-(x-positionr)**2/(2.*sigmar**2))) - (amplituder/(x-positionr)**2)
fitted parameters initialized with current variable values

iter      chisq       delta/lim  lambda   amplituder    positionr     sigmar       
   0 1.9177958666e+10   0.00e+00  2.56e+06    7.000000e+06   1.555932e+09   1.950000e+04
BREAK: Singular matrix in Invert_RtR

*******************************************************************************
Sun Jun 16 21:55:47 2019


FIT:    data read from 'colours_ts22.txt' using 1:2
        format = x:z
        #datapoints = 976
        residuals are weighted equally (unit weight)

function used for fitting: gaussr(x)
	gaussr(x)=(amplituder/(sigmar*sqrt(2.*pi))*exp(-(x-positionr)**2/(2.*sigmar**2)))
fitted parameters initialized with current variable values

iter      chisq       delta/lim  lambda   amplituder    positionr     sigmar       
   0 6.7885792385e+05   0.00e+00  6.18e+04    7.000000e+06   1.555932e+09   1.950000e+04
   1 6.7885792385e+05   0.00e+00  6.18e+11    7.000000e+06   1.555932e+09   1.950000e+04

After 1 iterations the fit converged.
final sum of squares of residuals : 678858
rel. change during last iteration : 0

degrees of freedom    (FIT_NDF)                        : 973
rms of residuals      (FIT_STDFIT) = sqrt(WSSR/ndf)    : 26.4139
variance of residuals (reduced chisquare) = WSSR/ndf   : 697.696

Final set of parameters            Asymptotic Standard Error
=======================            ==========================
amplituder      = 7e+06            +/- 7.445e+17    (1.064e+13%)
positionr       = 1.55593e+09      +/- 1.655e+17    (1.064e+10%)
sigmar          = 19500            +/- 306.9        (1.574%)

correlation matrix of the fit parameters:
                amplit positi sigmar 
amplituder      1.000 
positionr       1.000  1.000 
sigmar         -0.016 -0.016  1.000 


*******************************************************************************
Sun Jun 16 21:55:47 2019


FIT:    data read from 'colours_ts22.txt' using 1:3
        format = x:z
        #datapoints = 976
        residuals are weighted equally (unit weight)

function used for fitting: gaussg(x)
	gaussg(x)=amplitudeg/(sigmag*sqrt(2.*pi))*exp(-(x-positiong)**2/(2.*sigmag**2))
fitted parameters initialized with current variable values

iter      chisq       delta/lim  lambda   amplitudeg    positiong     sigmag       
   0 9.8795781372e+05   0.00e+00  8.02e+04    9.000000e+06   1.555935e+09   1.925000e+04
   9 9.8587759982e+05  -1.10e-03  8.02e+07    9.000000e+06   1.555935e+09   1.925000e+04

After 9 iterations the fit converged.
final sum of squares of residuals : 985878
rel. change during last iteration : -1.10353e-08

degrees of freedom    (FIT_NDF)                        : 973
rms of residuals      (FIT_STDFIT) = sqrt(WSSR/ndf)    : 31.8314
variance of residuals (reduced chisquare) = WSSR/ndf   : 1013.23

Final set of parameters            Asymptotic Standard Error
=======================            ==========================
amplitudeg      = 9e+06            +/- 9.374e+17    (1.042e+13%)
positiong       = 1.55593e+09      +/- 1.621e+17    (1.042e+10%)
sigmag          = 19250            +/- 278.1        (1.445%)

correlation matrix of the fit parameters:
                amplit positi sigmag 
amplitudeg      1.000 
positiong       1.000  1.000 
sigmag          0.008  0.008  1.000 


*******************************************************************************
Sun Jun 16 21:55:47 2019


FIT:    data read from 'colours_ts22.txt' using 1:4
        format = x:z
        #datapoints = 976
        residuals are weighted equally (unit weight)

function used for fitting: gaussb(x)
	gaussb(x)=amplitudeb/(sigmab*sqrt(2.*pi))*exp(-(x-positionb)**2/(2.*sigmab**2))
fitted parameters initialized with current variable values

iter      chisq       delta/lim  lambda   amplitudeb    positionb     sigmab       
   0 2.6422144079e+06   0.00e+00  7.18e+04    8.000000e+06   1.555938e+09   1.900000e+04
   9 2.2952380088e+06   0.00e+00  7.18e+11    8.000000e+06   1.555933e+09   1.900000e+04

After 9 iterations the fit converged.
final sum of squares of residuals : 2.29524e+06
rel. change during last iteration : 0

degrees of freedom    (FIT_NDF)                        : 973
rms of residuals      (FIT_STDFIT) = sqrt(WSSR/ndf)    : 48.5688
variance of residuals (reduced chisquare) = WSSR/ndf   : 2358.93

Final set of parameters            Asymptotic Standard Error
=======================            ==========================
amplitudeb      = 8e+06            +/- 1.35e+18     (1.687e+13%)
positionb       = 1.55593e+09      +/- 2.625e+17    (1.687e+10%)
sigmab          = 19000            +/- 460.7        (2.425%)

correlation matrix of the fit parameters:
                amplit positi sigmab 
amplitudeb      1.000 
positionb       1.000  1.000 
sigmab         -0.022 -0.022  1.000 


*******************************************************************************
Sun Jun 16 22:32:04 2019


FIT:    data read from 'colours_ts22.txt' using 1:2
        format = x:z
        #datapoints = 976
        residuals are weighted equally (unit weight)

function used for fitting: gaussr(x)
	gaussr(x)=amplitudera/(sigmara*sqrt(2.*pi))*exp(-(x-positionra)**2/(2.*sigmara**2)) - amplituderb/(sigmarb*sqrt(2.*pi))*exp(-(x-positionrb)**2/(2.*sigmarb**2))
fitted parameters initialized with current variable values

iter      chisq       delta/lim  lambda   amplitudera   positionra    sigmara       amplituderb   positionrb    sigmarb      
   0 4.7501535947e+05   0.00e+00  6.48e+04    1.000000e+07   1.555933e+09   1.950000e+04   2.000000e+06   1.555932e+09   1.050000e+04
   6 4.2645292580e+05   0.00e+00  6.48e+11    1.000000e+07   1.555934e+09   1.950000e+04   2.000000e+06   1.555932e+09   1.050000e+04

After 6 iterations the fit converged.
final sum of squares of residuals : 426453
rel. change during last iteration : 0

degrees of freedom    (FIT_NDF)                        : 970
rms of residuals      (FIT_STDFIT) = sqrt(WSSR/ndf)    : 20.9676
variance of residuals (reduced chisquare) = WSSR/ndf   : 439.642

Final set of parameters            Asymptotic Standard Error
=======================            ==========================
amplitudera     = 1e+07            +/- 6.121e+17    (6.121e+12%)
positionra      = 1.55593e+09      +/- 9.523e+16    (6.121e+09%)
sigmara         = 19500            +/- 421.7        (2.162%)
amplituderb     = 2e+06            +/- 1.51e+17     (7.551e+12%)
positionrb      = 1.55593e+09      +/- 1.175e+17    (7.551e+09%)
sigmarb         = 10500            +/- 595          (5.666%)

correlation matrix of the fit parameters:
                amplit positi sigmar amplit positi sigmar 
amplitudera     1.000 
positionra      1.000  1.000 
sigmara         0.032  0.032  1.000 
amplituderb    -0.201 -0.201 -0.021  1.000 
positionrb     -0.201 -0.201 -0.021  1.000  1.000 
sigmarb        -0.038 -0.038 -0.377 -0.007 -0.007  1.000 


*******************************************************************************
Sun Jun 16 22:32:04 2019


FIT:    data read from 'colours_ts22.txt' using 1:3
        format = x:z
        #datapoints = 976
        residuals are weighted equally (unit weight)

function used for fitting: gaussg(x)
	gaussg(x)=amplitudega/(sigmaga*sqrt(2.*pi))*exp(-(x-positionga)**2/(2.*sigmaga**2)) - amplitudegb/(sigmagb*sqrt(2.*pi))*exp(-(x-positiongb)**2/(2.*sigmagb**2))
fitted parameters initialized with current variable values

iter      chisq       delta/lim  lambda   amplitudega   positionga    sigmaga       amplitudegb   positiongb    sigmagb      
   0 7.0156181318e+05   0.00e+00  9.79e+04    1.450000e+07   1.555935e+09   1.925000e+04   4.000000e+06   1.555935e+09   1.025000e+04
   1 7.0156181318e+05   0.00e+00  9.79e+11    1.450000e+07   1.555935e+09   1.925000e+04   4.000000e+06   1.555935e+09   1.025000e+04

After 1 iterations the fit converged.
final sum of squares of residuals : 701562
rel. change during last iteration : 0

degrees of freedom    (FIT_NDF)                        : 970
rms of residuals      (FIT_STDFIT) = sqrt(WSSR/ndf)    : 26.8935
variance of residuals (reduced chisquare) = WSSR/ndf   : 723.26

Final set of parameters            Asymptotic Standard Error
=======================            ==========================
amplitudega     = 1.45e+07         +/- 7.236e+17    (4.991e+12%)
positionga      = 1.55594e+09      +/- 7.765e+16    (4.991e+09%)
sigmaga         = 19250            +/- 1786         (9.28%)
amplitudegb     = 4e+06            +/- 3.067e+17    (7.667e+12%)
positiongb      = 1.55594e+09      +/- 1.193e+17    (7.667e+09%)
sigmagb         = 10250            +/- 1466         (14.3%)

correlation matrix of the fit parameters:
                amplit positi sigmag amplit positi sigmag 
amplitudega     1.000 
positionga      1.000  1.000 
sigmaga         0.005  0.005  1.000 
amplitudegb    -0.214 -0.214  0.012  1.000 
positiongb     -0.214 -0.214  0.012  1.000  1.000 
sigmagb        -0.004 -0.004 -0.966  0.001  0.001  1.000 


*******************************************************************************
Sun Jun 16 22:32:05 2019


FIT:    data read from 'colours_ts22.txt' using 1:4
        format = x:z
        #datapoints = 976
        residuals are weighted equally (unit weight)

function used for fitting: gaussb(x)
	gaussb(x)=amplitudeba/(sigmaba*sqrt(2.*pi))*exp(-(x-positionba)**2/(2.*sigmaba**2)) - amplitudebb/(sigmabb*sqrt(2.*pi))*exp(-(x-positionbb)**2/(2.*sigmabb**2))
fitted parameters initialized with current variable values

iter      chisq       delta/lim  lambda   amplitudeba   positionba    sigmaba       amplitudebb   positionbb    sigmabb      
   0 1.2852727767e+06   0.00e+00  1.67e+05    2.250000e+07   1.555938e+09   1.900000e+04   1.200000e+07   1.555938e+09   1.500000e+04
   2 1.0715013273e+06  -1.69e-07  1.67e+11    2.250000e+07   1.555937e+09   1.900000e+04   1.200000e+07   1.555938e+09   1.500000e+04

After 2 iterations the fit converged.
final sum of squares of residuals : 1.0715e+06
rel. change during last iteration : -1.69011e-12

degrees of freedom    (FIT_NDF)                        : 970
rms of residuals      (FIT_STDFIT) = sqrt(WSSR/ndf)    : 33.2361
variance of residuals (reduced chisquare) = WSSR/ndf   : 1104.64

Final set of parameters            Asymptotic Standard Error
=======================            ==========================
amplitudeba     = 2.25e+07         +/- 1.159e+18    (5.152e+12%)
positionba      = 1.55594e+09      +/- 8.016e+16    (5.152e+09%)
sigmaba         = 19000            +/- 473.5        (2.492%)
amplitudebb     = 1.2e+07          +/- 8.021e+17    (6.684e+12%)
positionbb      = 1.55594e+09      +/- 1.04e+17     (6.684e+09%)
sigmabb         = 15000            +/- 617.7        (4.118%)

correlation matrix of the fit parameters:
                amplit positi sigmab amplit positi sigmab 
amplitudeba     1.000 
positionba      1.000  1.000 
sigmaba         0.016  0.016  1.000 
amplitudebb    -0.070 -0.070  0.014  1.000 
positionbb     -0.070 -0.070  0.014  1.000  1.000 
sigmabb         0.033  0.033  0.781  0.016  0.016  1.000 


*******************************************************************************
Sat Jun 22 01:54:45 2019


FIT:    data read from 'colours_ts22.txt' using 1:2
        format = x:z
        #datapoints = 976
        residuals are weighted equally (unit weight)

function used for fitting: gaussr(x)
	gaussr(x)=amplitudera/(sigmara*sqrt(2.*pi))*exp(-(x-positionra)**2/(2.*sigmara**2)) - amplituderb/(sigmarb*sqrt(2.*pi))*exp(-(x-positionrb)**2/(2.*sigmarb**2))
fitted parameters initialized with current variable values

iter      chisq       delta/lim  lambda   amplitudera   positionra    sigmara       amplituderb   positionrb    sigmarb      
   0 4.7501535947e+05   0.00e+00  6.48e+04    1.000000e+07   1.555933e+09   1.950000e+04   2.000000e+06   1.555932e+09   1.050000e+04
   6 4.2645292580e+05   0.00e+00  6.48e+11    1.000000e+07   1.555934e+09   1.950000e+04   2.000000e+06   1.555932e+09   1.050000e+04

After 6 iterations the fit converged.
final sum of squares of residuals : 426453
rel. change during last iteration : 0

degrees of freedom    (FIT_NDF)                        : 970
rms of residuals      (FIT_STDFIT) = sqrt(WSSR/ndf)    : 20.9676
variance of residuals (reduced chisquare) = WSSR/ndf   : 439.642

Final set of parameters            Asymptotic Standard Error
=======================            ==========================
amplitudera     = 1e+07            +/- 6.121e+17    (6.121e+12%)
positionra      = 1.55593e+09      +/- 9.523e+16    (6.121e+09%)
sigmara         = 19500            +/- 421.7        (2.162%)
amplituderb     = 2e+06            +/- 1.51e+17     (7.551e+12%)
positionrb      = 1.55593e+09      +/- 1.175e+17    (7.551e+09%)
sigmarb         = 10500            +/- 595          (5.666%)

correlation matrix of the fit parameters:
                amplit positi sigmar amplit positi sigmar 
amplitudera     1.000 
positionra      1.000  1.000 
sigmara         0.032  0.032  1.000 
amplituderb    -0.201 -0.201 -0.021  1.000 
positionrb     -0.201 -0.201 -0.021  1.000  1.000 
sigmarb        -0.038 -0.038 -0.377 -0.007 -0.007  1.000 


*******************************************************************************
Sat Jun 22 01:54:45 2019


FIT:    data read from 'colours_ts22.txt' using 1:3
        format = x:z
        #datapoints = 976
        residuals are weighted equally (unit weight)

function used for fitting: gaussg(x)
	gaussg(x)=amplitudega/(sigmaga*sqrt(2.*pi))*exp(-(x-positionga)**2/(2.*sigmaga**2)) - amplitudegb/(sigmagb*sqrt(2.*pi))*exp(-(x-positiongb)**2/(2.*sigmagb**2))
fitted parameters initialized with current variable values

iter      chisq       delta/lim  lambda   amplitudega   positionga    sigmaga       amplitudegb   positiongb    sigmagb      
   0 7.0156181318e+05   0.00e+00  9.79e+04    1.450000e+07   1.555935e+09   1.925000e+04   4.000000e+06   1.555935e+09   1.025000e+04
   1 7.0156181318e+05   0.00e+00  9.79e+11    1.450000e+07   1.555935e+09   1.925000e+04   4.000000e+06   1.555935e+09   1.025000e+04

After 1 iterations the fit converged.
final sum of squares of residuals : 701562
rel. change during last iteration : 0

degrees of freedom    (FIT_NDF)                        : 970
rms of residuals      (FIT_STDFIT) = sqrt(WSSR/ndf)    : 26.8935
variance of residuals (reduced chisquare) = WSSR/ndf   : 723.26

Final set of parameters            Asymptotic Standard Error
=======================            ==========================
amplitudega     = 1.45e+07         +/- 7.236e+17    (4.991e+12%)
positionga      = 1.55594e+09      +/- 7.765e+16    (4.991e+09%)
sigmaga         = 19250            +/- 1786         (9.28%)
amplitudegb     = 4e+06            +/- 3.067e+17    (7.667e+12%)
positiongb      = 1.55594e+09      +/- 1.193e+17    (7.667e+09%)
sigmagb         = 10250            +/- 1466         (14.3%)

correlation matrix of the fit parameters:
                amplit positi sigmag amplit positi sigmag 
amplitudega     1.000 
positionga      1.000  1.000 
sigmaga         0.005  0.005  1.000 
amplitudegb    -0.214 -0.214  0.012  1.000 
positiongb     -0.214 -0.214  0.012  1.000  1.000 
sigmagb        -0.004 -0.004 -0.966  0.001  0.001  1.000 


*******************************************************************************
Sat Jun 22 01:54:45 2019


FIT:    data read from 'colours_ts22.txt' using 1:4
        format = x:z
        #datapoints = 976
        residuals are weighted equally (unit weight)

function used for fitting: gaussb(x)
	gaussb(x)=amplitudeba/(sigmaba*sqrt(2.*pi))*exp(-(x-positionba)**2/(2.*sigmaba**2)) - amplitudebb/(sigmabb*sqrt(2.*pi))*exp(-(x-positionbb)**2/(2.*sigmabb**2))
fitted parameters initialized with current variable values

iter      chisq       delta/lim  lambda   amplitudeba   positionba    sigmaba       amplitudebb   positionbb    sigmabb      
   0 1.2852727767e+06   0.00e+00  1.67e+05    2.250000e+07   1.555938e+09   1.900000e+04   1.200000e+07   1.555938e+09   1.500000e+04
   2 1.0715013273e+06  -1.69e-07  1.67e+11    2.250000e+07   1.555937e+09   1.900000e+04   1.200000e+07   1.555938e+09   1.500000e+04

After 2 iterations the fit converged.
final sum of squares of residuals : 1.0715e+06
rel. change during last iteration : -1.69011e-12

degrees of freedom    (FIT_NDF)                        : 970
rms of residuals      (FIT_STDFIT) = sqrt(WSSR/ndf)    : 33.2361
variance of residuals (reduced chisquare) = WSSR/ndf   : 1104.64

Final set of parameters            Asymptotic Standard Error
=======================            ==========================
amplitudeba     = 2.25e+07         +/- 1.159e+18    (5.152e+12%)
positionba      = 1.55594e+09      +/- 8.016e+16    (5.152e+09%)
sigmaba         = 19000            +/- 473.5        (2.492%)
amplitudebb     = 1.2e+07          +/- 8.021e+17    (6.684e+12%)
positionbb      = 1.55594e+09      +/- 1.04e+17     (6.684e+09%)
sigmabb         = 15000            +/- 617.7        (4.118%)

correlation matrix of the fit parameters:
                amplit positi sigmab amplit positi sigmab 
amplitudeba     1.000 
positionba      1.000  1.000 
sigmaba         0.016  0.016  1.000 
amplitudebb    -0.070 -0.070  0.014  1.000 
positionbb     -0.070 -0.070  0.014  1.000  1.000 
sigmabb         0.033  0.033  0.781  0.016  0.016  1.000 


*******************************************************************************
Sat Jun 22 01:55:20 2019


FIT:    data read from 'colours_ts22.txt' using 1:2
        format = x:z
        #datapoints = 976
        residuals are weighted equally (unit weight)

function used for fitting: gaussr(x)
	gaussr(x)=amplitudera/(sigmara*sqrt(2.*pi))*exp(-(x-positionra)**2/(2.*sigmara**2)) - amplituderb/(sigmarb*sqrt(2.*pi))*exp(-(x-positionrb)**2/(2.*sigmarb**2))
fitted parameters initialized with current variable values

iter      chisq       delta/lim  lambda   amplitudera   positionra    sigmara       amplituderb   positionrb    sigmarb      
   0 4.7501535947e+05   0.00e+00  6.48e+04    1.000000e+07   1.555933e+09   1.950000e+04   2.000000e+06   1.555932e+09   1.050000e+04
   6 4.2645292580e+05   0.00e+00  6.48e+11    1.000000e+07   1.555934e+09   1.950000e+04   2.000000e+06   1.555932e+09   1.050000e+04

After 6 iterations the fit converged.
final sum of squares of residuals : 426453
rel. change during last iteration : 0

degrees of freedom    (FIT_NDF)                        : 970
rms of residuals      (FIT_STDFIT) = sqrt(WSSR/ndf)    : 20.9676
variance of residuals (reduced chisquare) = WSSR/ndf   : 439.642

Final set of parameters            Asymptotic Standard Error
=======================            ==========================
amplitudera     = 1e+07            +/- 6.121e+17    (6.121e+12%)
positionra      = 1.55593e+09      +/- 9.523e+16    (6.121e+09%)
sigmara         = 19500            +/- 421.7        (2.162%)
amplituderb     = 2e+06            +/- 1.51e+17     (7.551e+12%)
positionrb      = 1.55593e+09      +/- 1.175e+17    (7.551e+09%)
sigmarb         = 10500            +/- 595          (5.666%)

correlation matrix of the fit parameters:
                amplit positi sigmar amplit positi sigmar 
amplitudera     1.000 
positionra      1.000  1.000 
sigmara         0.032  0.032  1.000 
amplituderb    -0.201 -0.201 -0.021  1.000 
positionrb     -0.201 -0.201 -0.021  1.000  1.000 
sigmarb        -0.038 -0.038 -0.377 -0.007 -0.007  1.000 


*******************************************************************************
Sat Jun 22 01:55:20 2019


FIT:    data read from 'colours_ts22.txt' using 1:3
        format = x:z
        #datapoints = 976
        residuals are weighted equally (unit weight)

function used for fitting: gaussg(x)
	gaussg(x)=amplitudega/(sigmaga*sqrt(2.*pi))*exp(-(x-positionga)**2/(2.*sigmaga**2)) - amplitudegb/(sigmagb*sqrt(2.*pi))*exp(-(x-positiongb)**2/(2.*sigmagb**2))
fitted parameters initialized with current variable values

iter      chisq       delta/lim  lambda   amplitudega   positionga    sigmaga       amplitudegb   positiongb    sigmagb      
   0 7.0156181318e+05   0.00e+00  9.79e+04    1.450000e+07   1.555935e+09   1.925000e+04   4.000000e+06   1.555935e+09   1.025000e+04
   1 7.0156181318e+05   0.00e+00  9.79e+11    1.450000e+07   1.555935e+09   1.925000e+04   4.000000e+06   1.555935e+09   1.025000e+04

After 1 iterations the fit converged.
final sum of squares of residuals : 701562
rel. change during last iteration : 0

degrees of freedom    (FIT_NDF)                        : 970
rms of residuals      (FIT_STDFIT) = sqrt(WSSR/ndf)    : 26.8935
variance of residuals (reduced chisquare) = WSSR/ndf   : 723.26

Final set of parameters            Asymptotic Standard Error
=======================            ==========================
amplitudega     = 1.45e+07         +/- 7.236e+17    (4.991e+12%)
positionga      = 1.55594e+09      +/- 7.765e+16    (4.991e+09%)
sigmaga         = 19250            +/- 1786         (9.28%)
amplitudegb     = 4e+06            +/- 3.067e+17    (7.667e+12%)
positiongb      = 1.55594e+09      +/- 1.193e+17    (7.667e+09%)
sigmagb         = 10250            +/- 1466         (14.3%)

correlation matrix of the fit parameters:
                amplit positi sigmag amplit positi sigmag 
amplitudega     1.000 
positionga      1.000  1.000 
sigmaga         0.005  0.005  1.000 
amplitudegb    -0.214 -0.214  0.012  1.000 
positiongb     -0.214 -0.214  0.012  1.000  1.000 
sigmagb        -0.004 -0.004 -0.966  0.001  0.001  1.000 


*******************************************************************************
Sat Jun 22 01:55:21 2019


FIT:    data read from 'colours_ts22.txt' using 1:4
        format = x:z
        #datapoints = 976
        residuals are weighted equally (unit weight)

function used for fitting: gaussb(x)
	gaussb(x)=amplitudeba/(sigmaba*sqrt(2.*pi))*exp(-(x-positionba)**2/(2.*sigmaba**2)) - amplitudebb/(sigmabb*sqrt(2.*pi))*exp(-(x-positionbb)**2/(2.*sigmabb**2))
fitted parameters initialized with current variable values

iter      chisq       delta/lim  lambda   amplitudeba   positionba    sigmaba       amplitudebb   positionbb    sigmabb      
   0 1.2852727767e+06   0.00e+00  1.67e+05    2.250000e+07   1.555938e+09   1.900000e+04   1.200000e+07   1.555938e+09   1.500000e+04
   2 1.0715013273e+06  -1.69e-07  1.67e+11    2.250000e+07   1.555937e+09   1.900000e+04   1.200000e+07   1.555938e+09   1.500000e+04

After 2 iterations the fit converged.
final sum of squares of residuals : 1.0715e+06
rel. change during last iteration : -1.69011e-12

degrees of freedom    (FIT_NDF)                        : 970
rms of residuals      (FIT_STDFIT) = sqrt(WSSR/ndf)    : 33.2361
variance of residuals (reduced chisquare) = WSSR/ndf   : 1104.64

Final set of parameters            Asymptotic Standard Error
=======================            ==========================
amplitudeba     = 2.25e+07         +/- 1.159e+18    (5.152e+12%)
positionba      = 1.55594e+09      +/- 8.016e+16    (5.152e+09%)
sigmaba         = 19000            +/- 473.5        (2.492%)
amplitudebb     = 1.2e+07          +/- 8.021e+17    (6.684e+12%)
positionbb      = 1.55594e+09      +/- 1.04e+17     (6.684e+09%)
sigmabb         = 15000            +/- 617.7        (4.118%)

correlation matrix of the fit parameters:
                amplit positi sigmab amplit positi sigmab 
amplitudeba     1.000 
positionba      1.000  1.000 
sigmaba         0.016  0.016  1.000 
amplitudebb    -0.070 -0.070  0.014  1.000 
positionbb     -0.070 -0.070  0.014  1.000  1.000 
sigmabb         0.033  0.033  0.781  0.016  0.016  1.000 


*******************************************************************************
Sat Jun 22 01:55:40 2019


FIT:    data read from 'colours_ts22.txt' using 1:2
        format = x:z
        #datapoints = 976
        residuals are weighted equally (unit weight)

function used for fitting: gaussr(x)
	gaussr(x)=amplitudera/(sigmara*sqrt(2.*pi))*exp(-(x-positionra)**2/(2.*sigmara**2)) - amplituderb/(sigmarb*sqrt(2.*pi))*exp(-(x-positionrb)**2/(2.*sigmarb**2))
fitted parameters initialized with current variable values

iter      chisq       delta/lim  lambda   amplitudera   positionra    sigmara       amplituderb   positionrb    sigmarb      
   0 4.7501535947e+05   0.00e+00  6.48e+04    1.000000e+07   1.555933e+09   1.950000e+04   2.000000e+06   1.555932e+09   1.050000e+04
   6 4.2645292580e+05   0.00e+00  6.48e+11    1.000000e+07   1.555934e+09   1.950000e+04   2.000000e+06   1.555932e+09   1.050000e+04

After 6 iterations the fit converged.
final sum of squares of residuals : 426453
rel. change during last iteration : 0

degrees of freedom    (FIT_NDF)                        : 970
rms of residuals      (FIT_STDFIT) = sqrt(WSSR/ndf)    : 20.9676
variance of residuals (reduced chisquare) = WSSR/ndf   : 439.642

Final set of parameters            Asymptotic Standard Error
=======================            ==========================
amplitudera     = 1e+07            +/- 6.121e+17    (6.121e+12%)
positionra      = 1.55593e+09      +/- 9.523e+16    (6.121e+09%)
sigmara         = 19500            +/- 421.7        (2.162%)
amplituderb     = 2e+06            +/- 1.51e+17     (7.551e+12%)
positionrb      = 1.55593e+09      +/- 1.175e+17    (7.551e+09%)
sigmarb         = 10500            +/- 595          (5.666%)

correlation matrix of the fit parameters:
                amplit positi sigmar amplit positi sigmar 
amplitudera     1.000 
positionra      1.000  1.000 
sigmara         0.032  0.032  1.000 
amplituderb    -0.201 -0.201 -0.021  1.000 
positionrb     -0.201 -0.201 -0.021  1.000  1.000 
sigmarb        -0.038 -0.038 -0.377 -0.007 -0.007  1.000 


*******************************************************************************
Sat Jun 22 01:55:40 2019


FIT:    data read from 'colours_ts22.txt' using 1:3
        format = x:z
        #datapoints = 976
        residuals are weighted equally (unit weight)

function used for fitting: gaussg(x)
	gaussg(x)=amplitudega/(sigmaga*sqrt(2.*pi))*exp(-(x-positionga)**2/(2.*sigmaga**2)) - amplitudegb/(sigmagb*sqrt(2.*pi))*exp(-(x-positiongb)**2/(2.*sigmagb**2))
fitted parameters initialized with current variable values

iter      chisq       delta/lim  lambda   amplitudega   positionga    sigmaga       amplitudegb   positiongb    sigmagb      
   0 7.0156181318e+05   0.00e+00  9.79e+04    1.450000e+07   1.555935e+09   1.925000e+04   4.000000e+06   1.555935e+09   1.025000e+04
   1 7.0156181318e+05   0.00e+00  9.79e+11    1.450000e+07   1.555935e+09   1.925000e+04   4.000000e+06   1.555935e+09   1.025000e+04

After 1 iterations the fit converged.
final sum of squares of residuals : 701562
rel. change during last iteration : 0

degrees of freedom    (FIT_NDF)                        : 970
rms of residuals      (FIT_STDFIT) = sqrt(WSSR/ndf)    : 26.8935
variance of residuals (reduced chisquare) = WSSR/ndf   : 723.26

Final set of parameters            Asymptotic Standard Error
=======================            ==========================
amplitudega     = 1.45e+07         +/- 7.236e+17    (4.991e+12%)
positionga      = 1.55594e+09      +/- 7.765e+16    (4.991e+09%)
sigmaga         = 19250            +/- 1786         (9.28%)
amplitudegb     = 4e+06            +/- 3.067e+17    (7.667e+12%)
positiongb      = 1.55594e+09      +/- 1.193e+17    (7.667e+09%)
sigmagb         = 10250            +/- 1466         (14.3%)

correlation matrix of the fit parameters:
                amplit positi sigmag amplit positi sigmag 
amplitudega     1.000 
positionga      1.000  1.000 
sigmaga         0.005  0.005  1.000 
amplitudegb    -0.214 -0.214  0.012  1.000 
positiongb     -0.214 -0.214  0.012  1.000  1.000 
sigmagb        -0.004 -0.004 -0.966  0.001  0.001  1.000 


*******************************************************************************
Sat Jun 22 01:55:40 2019


FIT:    data read from 'colours_ts22.txt' using 1:4
        format = x:z
        #datapoints = 976
        residuals are weighted equally (unit weight)

function used for fitting: gaussb(x)
	gaussb(x)=amplitudeba/(sigmaba*sqrt(2.*pi))*exp(-(x-positionba)**2/(2.*sigmaba**2)) - amplitudebb/(sigmabb*sqrt(2.*pi))*exp(-(x-positionbb)**2/(2.*sigmabb**2))
fitted parameters initialized with current variable values

iter      chisq       delta/lim  lambda   amplitudeba   positionba    sigmaba       amplitudebb   positionbb    sigmabb      
   0 1.2852727767e+06   0.00e+00  1.67e+05    2.250000e+07   1.555938e+09   1.900000e+04   1.200000e+07   1.555938e+09   1.500000e+04
   2 1.0715013273e+06  -1.69e-07  1.67e+11    2.250000e+07   1.555937e+09   1.900000e+04   1.200000e+07   1.555938e+09   1.500000e+04

After 2 iterations the fit converged.
final sum of squares of residuals : 1.0715e+06
rel. change during last iteration : -1.69011e-12

degrees of freedom    (FIT_NDF)                        : 970
rms of residuals      (FIT_STDFIT) = sqrt(WSSR/ndf)    : 33.2361
variance of residuals (reduced chisquare) = WSSR/ndf   : 1104.64

Final set of parameters            Asymptotic Standard Error
=======================            ==========================
amplitudeba     = 2.25e+07         +/- 1.159e+18    (5.152e+12%)
positionba      = 1.55594e+09      +/- 8.016e+16    (5.152e+09%)
sigmaba         = 19000            +/- 473.5        (2.492%)
amplitudebb     = 1.2e+07          +/- 8.021e+17    (6.684e+12%)
positionbb      = 1.55594e+09      +/- 1.04e+17     (6.684e+09%)
sigmabb         = 15000            +/- 617.7        (4.118%)

correlation matrix of the fit parameters:
                amplit positi sigmab amplit positi sigmab 
amplitudeba     1.000 
positionba      1.000  1.000 
sigmaba         0.016  0.016  1.000 
amplitudebb    -0.070 -0.070  0.014  1.000 
positionbb     -0.070 -0.070  0.014  1.000  1.000 
sigmabb         0.033  0.033  0.781  0.016  0.016  1.000 


*******************************************************************************
Sat Jun 22 01:55:56 2019


FIT:    data read from 'colours_ts22.txt' using 1:2
        format = x:z
        #datapoints = 976
        residuals are weighted equally (unit weight)

function used for fitting: gaussr(x)
	gaussr(x)=amplitudera/(sigmara*sqrt(2.*pi))*exp(-(x-positionra)**2/(2.*sigmara**2)) - amplituderb/(sigmarb*sqrt(2.*pi))*exp(-(x-positionrb)**2/(2.*sigmarb**2))
fitted parameters initialized with current variable values

iter      chisq       delta/lim  lambda   amplitudera   positionra    sigmara       amplituderb   positionrb    sigmarb      
   0 4.7501535947e+05   0.00e+00  6.48e+04    1.000000e+07   1.555933e+09   1.950000e+04   2.000000e+06   1.555932e+09   1.050000e+04
   6 4.2645292580e+05   0.00e+00  6.48e+11    1.000000e+07   1.555934e+09   1.950000e+04   2.000000e+06   1.555932e+09   1.050000e+04

After 6 iterations the fit converged.
final sum of squares of residuals : 426453
rel. change during last iteration : 0

degrees of freedom    (FIT_NDF)                        : 970
rms of residuals      (FIT_STDFIT) = sqrt(WSSR/ndf)    : 20.9676
variance of residuals (reduced chisquare) = WSSR/ndf   : 439.642

Final set of parameters            Asymptotic Standard Error
=======================            ==========================
amplitudera     = 1e+07            +/- 6.121e+17    (6.121e+12%)
positionra      = 1.55593e+09      +/- 9.523e+16    (6.121e+09%)
sigmara         = 19500            +/- 421.7        (2.162%)
amplituderb     = 2e+06            +/- 1.51e+17     (7.551e+12%)
positionrb      = 1.55593e+09      +/- 1.175e+17    (7.551e+09%)
sigmarb         = 10500            +/- 595          (5.666%)

correlation matrix of the fit parameters:
                amplit positi sigmar amplit positi sigmar 
amplitudera     1.000 
positionra      1.000  1.000 
sigmara         0.032  0.032  1.000 
amplituderb    -0.201 -0.201 -0.021  1.000 
positionrb     -0.201 -0.201 -0.021  1.000  1.000 
sigmarb        -0.038 -0.038 -0.377 -0.007 -0.007  1.000 


*******************************************************************************
Sat Jun 22 01:55:56 2019


FIT:    data read from 'colours_ts22.txt' using 1:3
        format = x:z
        #datapoints = 976
        residuals are weighted equally (unit weight)

function used for fitting: gaussg(x)
	gaussg(x)=amplitudega/(sigmaga*sqrt(2.*pi))*exp(-(x-positionga)**2/(2.*sigmaga**2)) - amplitudegb/(sigmagb*sqrt(2.*pi))*exp(-(x-positiongb)**2/(2.*sigmagb**2))
fitted parameters initialized with current variable values

iter      chisq       delta/lim  lambda   amplitudega   positionga    sigmaga       amplitudegb   positiongb    sigmagb      
   0 7.0156181318e+05   0.00e+00  9.79e+04    1.450000e+07   1.555935e+09   1.925000e+04   4.000000e+06   1.555935e+09   1.025000e+04
   1 7.0156181318e+05   0.00e+00  9.79e+11    1.450000e+07   1.555935e+09   1.925000e+04   4.000000e+06   1.555935e+09   1.025000e+04

After 1 iterations the fit converged.
final sum of squares of residuals : 701562
rel. change during last iteration : 0

degrees of freedom    (FIT_NDF)                        : 970
rms of residuals      (FIT_STDFIT) = sqrt(WSSR/ndf)    : 26.8935
variance of residuals (reduced chisquare) = WSSR/ndf   : 723.26

Final set of parameters            Asymptotic Standard Error
=======================            ==========================
amplitudega     = 1.45e+07         +/- 7.236e+17    (4.991e+12%)
positionga      = 1.55594e+09      +/- 7.765e+16    (4.991e+09%)
sigmaga         = 19250            +/- 1786         (9.28%)
amplitudegb     = 4e+06            +/- 3.067e+17    (7.667e+12%)
positiongb      = 1.55594e+09      +/- 1.193e+17    (7.667e+09%)
sigmagb         = 10250            +/- 1466         (14.3%)

correlation matrix of the fit parameters:
                amplit positi sigmag amplit positi sigmag 
amplitudega     1.000 
positionga      1.000  1.000 
sigmaga         0.005  0.005  1.000 
amplitudegb    -0.214 -0.214  0.012  1.000 
positiongb     -0.214 -0.214  0.012  1.000  1.000 
sigmagb        -0.004 -0.004 -0.966  0.001  0.001  1.000 


*******************************************************************************
Sat Jun 22 01:55:56 2019


FIT:    data read from 'colours_ts22.txt' using 1:4
        format = x:z
        #datapoints = 976
        residuals are weighted equally (unit weight)

function used for fitting: gaussb(x)
	gaussb(x)=amplitudeba/(sigmaba*sqrt(2.*pi))*exp(-(x-positionba)**2/(2.*sigmaba**2)) - amplitudebb/(sigmabb*sqrt(2.*pi))*exp(-(x-positionbb)**2/(2.*sigmabb**2))
fitted parameters initialized with current variable values

iter      chisq       delta/lim  lambda   amplitudeba   positionba    sigmaba       amplitudebb   positionbb    sigmabb      
   0 1.2852727767e+06   0.00e+00  1.67e+05    2.250000e+07   1.555938e+09   1.900000e+04   1.200000e+07   1.555938e+09   1.500000e+04
   2 1.0715013273e+06  -1.69e-07  1.67e+11    2.250000e+07   1.555937e+09   1.900000e+04   1.200000e+07   1.555938e+09   1.500000e+04

After 2 iterations the fit converged.
final sum of squares of residuals : 1.0715e+06
rel. change during last iteration : -1.69011e-12

degrees of freedom    (FIT_NDF)                        : 970
rms of residuals      (FIT_STDFIT) = sqrt(WSSR/ndf)    : 33.2361
variance of residuals (reduced chisquare) = WSSR/ndf   : 1104.64

Final set of parameters            Asymptotic Standard Error
=======================            ==========================
amplitudeba     = 2.25e+07         +/- 1.159e+18    (5.152e+12%)
positionba      = 1.55594e+09      +/- 8.016e+16    (5.152e+09%)
sigmaba         = 19000            +/- 473.5        (2.492%)
amplitudebb     = 1.2e+07          +/- 8.021e+17    (6.684e+12%)
positionbb      = 1.55594e+09      +/- 1.04e+17     (6.684e+09%)
sigmabb         = 15000            +/- 617.7        (4.118%)

correlation matrix of the fit parameters:
                amplit positi sigmab amplit positi sigmab 
amplitudeba     1.000 
positionba      1.000  1.000 
sigmaba         0.016  0.016  1.000 
amplitudebb    -0.070 -0.070  0.014  1.000 
positionbb     -0.070 -0.070  0.014  1.000  1.000 
sigmabb         0.033  0.033  0.781  0.016  0.016  1.000 


*******************************************************************************
Sat Jun 22 02:06:49 2019


FIT:    data read from 'colours_ts22.txt' using 1:2
        format = x:z
        #datapoints = 976
        residuals are weighted equally (unit weight)

function used for fitting: gaussr(x)
	gaussr(x)=amplitudera/(sigmara*sqrt(2.*pi))*exp(-(x-positionra)**2/(2.*sigmara**2)) - amplituderb/(sigmarb*sqrt(2.*pi))*exp(-(x-positionrb)**2/(2.*sigmarb**2))
fitted parameters initialized with current variable values

iter      chisq       delta/lim  lambda   amplitudera   positionra    sigmara       amplituderb   positionrb    sigmarb      
   0 4.7501535947e+05   0.00e+00  6.48e+04    1.000000e+07   1.555933e+09   1.950000e+04   2.000000e+06   1.555932e+09   1.050000e+04
   6 4.2645292580e+05   0.00e+00  6.48e+11    1.000000e+07   1.555934e+09   1.950000e+04   2.000000e+06   1.555932e+09   1.050000e+04

After 6 iterations the fit converged.
final sum of squares of residuals : 426453
rel. change during last iteration : 0

degrees of freedom    (FIT_NDF)                        : 970
rms of residuals      (FIT_STDFIT) = sqrt(WSSR/ndf)    : 20.9676
variance of residuals (reduced chisquare) = WSSR/ndf   : 439.642

Final set of parameters            Asymptotic Standard Error
=======================            ==========================
amplitudera     = 1e+07            +/- 6.121e+17    (6.121e+12%)
positionra      = 1.55593e+09      +/- 9.523e+16    (6.121e+09%)
sigmara         = 19500            +/- 421.7        (2.162%)
amplituderb     = 2e+06            +/- 1.51e+17     (7.551e+12%)
positionrb      = 1.55593e+09      +/- 1.175e+17    (7.551e+09%)
sigmarb         = 10500            +/- 595          (5.666%)

correlation matrix of the fit parameters:
                amplit positi sigmar amplit positi sigmar 
amplitudera     1.000 
positionra      1.000  1.000 
sigmara         0.032  0.032  1.000 
amplituderb    -0.201 -0.201 -0.021  1.000 
positionrb     -0.201 -0.201 -0.021  1.000  1.000 
sigmarb        -0.038 -0.038 -0.377 -0.007 -0.007  1.000 


*******************************************************************************
Sat Jun 22 02:06:50 2019


FIT:    data read from 'colours_ts22.txt' using 1:3
        format = x:z
        #datapoints = 976
        residuals are weighted equally (unit weight)

function used for fitting: gaussg(x)
	gaussg(x)=amplitudega/(sigmaga*sqrt(2.*pi))*exp(-(x-positionga)**2/(2.*sigmaga**2)) - amplitudegb/(sigmagb*sqrt(2.*pi))*exp(-(x-positiongb)**2/(2.*sigmagb**2))
fitted parameters initialized with current variable values

iter      chisq       delta/lim  lambda   amplitudega   positionga    sigmaga       amplitudegb   positiongb    sigmagb      
   0 7.0156181318e+05   0.00e+00  9.79e+04    1.450000e+07   1.555935e+09   1.925000e+04   4.000000e+06   1.555935e+09   1.025000e+04
   1 7.0156181318e+05   0.00e+00  9.79e+11    1.450000e+07   1.555935e+09   1.925000e+04   4.000000e+06   1.555935e+09   1.025000e+04

After 1 iterations the fit converged.
final sum of squares of residuals : 701562
rel. change during last iteration : 0

degrees of freedom    (FIT_NDF)                        : 970
rms of residuals      (FIT_STDFIT) = sqrt(WSSR/ndf)    : 26.8935
variance of residuals (reduced chisquare) = WSSR/ndf   : 723.26

Final set of parameters            Asymptotic Standard Error
=======================            ==========================
amplitudega     = 1.45e+07         +/- 7.236e+17    (4.991e+12%)
positionga      = 1.55594e+09      +/- 7.765e+16    (4.991e+09%)
sigmaga         = 19250            +/- 1786         (9.28%)
amplitudegb     = 4e+06            +/- 3.067e+17    (7.667e+12%)
positiongb      = 1.55594e+09      +/- 1.193e+17    (7.667e+09%)
sigmagb         = 10250            +/- 1466         (14.3%)

correlation matrix of the fit parameters:
                amplit positi sigmag amplit positi sigmag 
amplitudega     1.000 
positionga      1.000  1.000 
sigmaga         0.005  0.005  1.000 
amplitudegb    -0.214 -0.214  0.012  1.000 
positiongb     -0.214 -0.214  0.012  1.000  1.000 
sigmagb        -0.004 -0.004 -0.966  0.001  0.001  1.000 


*******************************************************************************
Sat Jun 22 02:06:50 2019


FIT:    data read from 'colours_ts22.txt' using 1:4
        format = x:z
        #datapoints = 976
        residuals are weighted equally (unit weight)

function used for fitting: gaussb(x)
	gaussb(x)=amplitudeba/(sigmaba*sqrt(2.*pi))*exp(-(x-positionba)**2/(2.*sigmaba**2)) - amplitudebb/(sigmabb*sqrt(2.*pi))*exp(-(x-positionbb)**2/(2.*sigmabb**2))
fitted parameters initialized with current variable values

iter      chisq       delta/lim  lambda   amplitudeba   positionba    sigmaba       amplitudebb   positionbb    sigmabb      
   0 1.2852727767e+06   0.00e+00  1.67e+05    2.250000e+07   1.555938e+09   1.900000e+04   1.200000e+07   1.555938e+09   1.500000e+04
   2 1.0715013273e+06  -1.69e-07  1.67e+11    2.250000e+07   1.555937e+09   1.900000e+04   1.200000e+07   1.555938e+09   1.500000e+04

After 2 iterations the fit converged.
final sum of squares of residuals : 1.0715e+06
rel. change during last iteration : -1.69011e-12

degrees of freedom    (FIT_NDF)                        : 970
rms of residuals      (FIT_STDFIT) = sqrt(WSSR/ndf)    : 33.2361
variance of residuals (reduced chisquare) = WSSR/ndf   : 1104.64

Final set of parameters            Asymptotic Standard Error
=======================            ==========================
amplitudeba     = 2.25e+07         +/- 1.159e+18    (5.152e+12%)
positionba      = 1.55594e+09      +/- 8.016e+16    (5.152e+09%)
sigmaba         = 19000            +/- 473.5        (2.492%)
amplitudebb     = 1.2e+07          +/- 8.021e+17    (6.684e+12%)
positionbb      = 1.55594e+09      +/- 1.04e+17     (6.684e+09%)
sigmabb         = 15000            +/- 617.7        (4.118%)

correlation matrix of the fit parameters:
                amplit positi sigmab amplit positi sigmab 
amplitudeba     1.000 
positionba      1.000  1.000 
sigmaba         0.016  0.016  1.000 
amplitudebb    -0.070 -0.070  0.014  1.000 
positionbb     -0.070 -0.070  0.014  1.000  1.000 
sigmabb         0.033  0.033  0.781  0.016  0.016  1.000 


*******************************************************************************
Sat Jun 22 02:08:53 2019


FIT:    data read from 'colours_ts22.txt' using 1:2
        format = x:z
        #datapoints = 976
        residuals are weighted equally (unit weight)

function used for fitting: gaussr(x)
	gaussr(x)=amplitudera/(sigmara*sqrt(2.*pi))*exp(-(x-positionra)**2/(2.*sigmara**2)) - amplituderb/(sigmarb*sqrt(2.*pi))*exp(-(x-positionrb)**2/(2.*sigmarb**2))
fitted parameters initialized with current variable values

iter      chisq       delta/lim  lambda   amplitudera   positionra    sigmara       amplituderb   positionrb    sigmarb      
   0 4.7501535947e+05   0.00e+00  6.48e+04    1.000000e+07   1.555933e+09   1.950000e+04   2.000000e+06   1.555932e+09   1.050000e+04
   6 4.2645292580e+05   0.00e+00  6.48e+11    1.000000e+07   1.555934e+09   1.950000e+04   2.000000e+06   1.555932e+09   1.050000e+04

After 6 iterations the fit converged.
final sum of squares of residuals : 426453
rel. change during last iteration : 0

degrees of freedom    (FIT_NDF)                        : 970
rms of residuals      (FIT_STDFIT) = sqrt(WSSR/ndf)    : 20.9676
variance of residuals (reduced chisquare) = WSSR/ndf   : 439.642

Final set of parameters            Asymptotic Standard Error
=======================            ==========================
amplitudera     = 1e+07            +/- 6.121e+17    (6.121e+12%)
positionra      = 1.55593e+09      +/- 9.523e+16    (6.121e+09%)
sigmara         = 19500            +/- 421.7        (2.162%)
amplituderb     = 2e+06            +/- 1.51e+17     (7.551e+12%)
positionrb      = 1.55593e+09      +/- 1.175e+17    (7.551e+09%)
sigmarb         = 10500            +/- 595          (5.666%)

correlation matrix of the fit parameters:
                amplit positi sigmar amplit positi sigmar 
amplitudera     1.000 
positionra      1.000  1.000 
sigmara         0.032  0.032  1.000 
amplituderb    -0.201 -0.201 -0.021  1.000 
positionrb     -0.201 -0.201 -0.021  1.000  1.000 
sigmarb        -0.038 -0.038 -0.377 -0.007 -0.007  1.000 


*******************************************************************************
Sat Jun 22 02:08:54 2019


FIT:    data read from 'colours_ts22.txt' using 1:3
        format = x:z
        #datapoints = 976
        residuals are weighted equally (unit weight)

function used for fitting: gaussg(x)
	gaussg(x)=amplitudega/(sigmaga*sqrt(2.*pi))*exp(-(x-positionga)**2/(2.*sigmaga**2)) - amplitudegb/(sigmagb*sqrt(2.*pi))*exp(-(x-positiongb)**2/(2.*sigmagb**2))
fitted parameters initialized with current variable values

iter      chisq       delta/lim  lambda   amplitudega   positionga    sigmaga       amplitudegb   positiongb    sigmagb      
   0 7.0156181318e+05   0.00e+00  9.79e+04    1.450000e+07   1.555935e+09   1.925000e+04   4.000000e+06   1.555935e+09   1.025000e+04
   1 7.0156181318e+05   0.00e+00  9.79e+11    1.450000e+07   1.555935e+09   1.925000e+04   4.000000e+06   1.555935e+09   1.025000e+04

After 1 iterations the fit converged.
final sum of squares of residuals : 701562
rel. change during last iteration : 0

degrees of freedom    (FIT_NDF)                        : 970
rms of residuals      (FIT_STDFIT) = sqrt(WSSR/ndf)    : 26.8935
variance of residuals (reduced chisquare) = WSSR/ndf   : 723.26

Final set of parameters            Asymptotic Standard Error
=======================            ==========================
amplitudega     = 1.45e+07         +/- 7.236e+17    (4.991e+12%)
positionga      = 1.55594e+09      +/- 7.765e+16    (4.991e+09%)
sigmaga         = 19250            +/- 1786         (9.28%)
amplitudegb     = 4e+06            +/- 3.067e+17    (7.667e+12%)
positiongb      = 1.55594e+09      +/- 1.193e+17    (7.667e+09%)
sigmagb         = 10250            +/- 1466         (14.3%)

correlation matrix of the fit parameters:
                amplit positi sigmag amplit positi sigmag 
amplitudega     1.000 
positionga      1.000  1.000 
sigmaga         0.005  0.005  1.000 
amplitudegb    -0.214 -0.214  0.012  1.000 
positiongb     -0.214 -0.214  0.012  1.000  1.000 
sigmagb        -0.004 -0.004 -0.966  0.001  0.001  1.000 


*******************************************************************************
Sat Jun 22 02:08:54 2019


FIT:    data read from 'colours_ts22.txt' using 1:4
        format = x:z
        #datapoints = 976
        residuals are weighted equally (unit weight)

function used for fitting: gaussb(x)
	gaussb(x)=amplitudeba/(sigmaba*sqrt(2.*pi))*exp(-(x-positionba)**2/(2.*sigmaba**2)) - amplitudebb/(sigmabb*sqrt(2.*pi))*exp(-(x-positionbb)**2/(2.*sigmabb**2))
fitted parameters initialized with current variable values

iter      chisq       delta/lim  lambda   amplitudeba   positionba    sigmaba       amplitudebb   positionbb    sigmabb      
   0 1.2852727767e+06   0.00e+00  1.67e+05    2.250000e+07   1.555938e+09   1.900000e+04   1.200000e+07   1.555938e+09   1.500000e+04
   2 1.0715013273e+06  -1.69e-07  1.67e+11    2.250000e+07   1.555937e+09   1.900000e+04   1.200000e+07   1.555938e+09   1.500000e+04

After 2 iterations the fit converged.
final sum of squares of residuals : 1.0715e+06
rel. change during last iteration : -1.69011e-12

degrees of freedom    (FIT_NDF)                        : 970
rms of residuals      (FIT_STDFIT) = sqrt(WSSR/ndf)    : 33.2361
variance of residuals (reduced chisquare) = WSSR/ndf   : 1104.64

Final set of parameters            Asymptotic Standard Error
=======================            ==========================
amplitudeba     = 2.25e+07         +/- 1.159e+18    (5.152e+12%)
positionba      = 1.55594e+09      +/- 8.016e+16    (5.152e+09%)
sigmaba         = 19000            +/- 473.5        (2.492%)
amplitudebb     = 1.2e+07          +/- 8.021e+17    (6.684e+12%)
positionbb      = 1.55594e+09      +/- 1.04e+17     (6.684e+09%)
sigmabb         = 15000            +/- 617.7        (4.118%)

correlation matrix of the fit parameters:
                amplit positi sigmab amplit positi sigmab 
amplitudeba     1.000 
positionba      1.000  1.000 
sigmaba         0.016  0.016  1.000 
amplitudebb    -0.070 -0.070  0.014  1.000 
positionbb     -0.070 -0.070  0.014  1.000  1.000 
sigmabb         0.033  0.033  0.781  0.016  0.016  1.000 


*******************************************************************************
Sat Jun 22 02:11:04 2019


FIT:    data read from 'colours_ts22.txt' using 1:2
        format = x:z
        #datapoints = 976
        residuals are weighted equally (unit weight)

function used for fitting: gaussr(x)
	gaussr(x)=amplitudera/(sigmara*sqrt(2.*pi))*exp(-(x-positionra)**2/(2.*sigmara**2)) - amplituderb/(sigmarb*sqrt(2.*pi))*exp(-(x-positionrb)**2/(2.*sigmarb**2))
fitted parameters initialized with current variable values

iter      chisq       delta/lim  lambda   amplitudera   positionra    sigmara       amplituderb   positionrb    sigmarb      
   0 4.7501535947e+05   0.00e+00  6.48e+04    1.000000e+07   1.555933e+09   1.950000e+04   2.000000e+06   1.555932e+09   1.050000e+04
   6 4.2645292580e+05   0.00e+00  6.48e+11    1.000000e+07   1.555934e+09   1.950000e+04   2.000000e+06   1.555932e+09   1.050000e+04

After 6 iterations the fit converged.
final sum of squares of residuals : 426453
rel. change during last iteration : 0

degrees of freedom    (FIT_NDF)                        : 970
rms of residuals      (FIT_STDFIT) = sqrt(WSSR/ndf)    : 20.9676
variance of residuals (reduced chisquare) = WSSR/ndf   : 439.642

Final set of parameters            Asymptotic Standard Error
=======================            ==========================
amplitudera     = 1e+07            +/- 6.121e+17    (6.121e+12%)
positionra      = 1.55593e+09      +/- 9.523e+16    (6.121e+09%)
sigmara         = 19500            +/- 421.7        (2.162%)
amplituderb     = 2e+06            +/- 1.51e+17     (7.551e+12%)
positionrb      = 1.55593e+09      +/- 1.175e+17    (7.551e+09%)
sigmarb         = 10500            +/- 595          (5.666%)

correlation matrix of the fit parameters:
                amplit positi sigmar amplit positi sigmar 
amplitudera     1.000 
positionra      1.000  1.000 
sigmara         0.032  0.032  1.000 
amplituderb    -0.201 -0.201 -0.021  1.000 
positionrb     -0.201 -0.201 -0.021  1.000  1.000 
sigmarb        -0.038 -0.038 -0.377 -0.007 -0.007  1.000 


*******************************************************************************
Sat Jun 22 02:11:05 2019


FIT:    data read from 'colours_ts22.txt' using 1:3
        format = x:z
        #datapoints = 976
        residuals are weighted equally (unit weight)

function used for fitting: gaussg(x)
	gaussg(x)=amplitudega/(sigmaga*sqrt(2.*pi))*exp(-(x-positionga)**2/(2.*sigmaga**2)) - amplitudegb/(sigmagb*sqrt(2.*pi))*exp(-(x-positiongb)**2/(2.*sigmagb**2))
fitted parameters initialized with current variable values

iter      chisq       delta/lim  lambda   amplitudega   positionga    sigmaga       amplitudegb   positiongb    sigmagb      
   0 7.0156181318e+05   0.00e+00  9.79e+04    1.450000e+07   1.555935e+09   1.925000e+04   4.000000e+06   1.555935e+09   1.025000e+04
   1 7.0156181318e+05   0.00e+00  9.79e+11    1.450000e+07   1.555935e+09   1.925000e+04   4.000000e+06   1.555935e+09   1.025000e+04

After 1 iterations the fit converged.
final sum of squares of residuals : 701562
rel. change during last iteration : 0

degrees of freedom    (FIT_NDF)                        : 970
rms of residuals      (FIT_STDFIT) = sqrt(WSSR/ndf)    : 26.8935
variance of residuals (reduced chisquare) = WSSR/ndf   : 723.26

Final set of parameters            Asymptotic Standard Error
=======================            ==========================
amplitudega     = 1.45e+07         +/- 7.236e+17    (4.991e+12%)
positionga      = 1.55594e+09      +/- 7.765e+16    (4.991e+09%)
sigmaga         = 19250            +/- 1786         (9.28%)
amplitudegb     = 4e+06            +/- 3.067e+17    (7.667e+12%)
positiongb      = 1.55594e+09      +/- 1.193e+17    (7.667e+09%)
sigmagb         = 10250            +/- 1466         (14.3%)

correlation matrix of the fit parameters:
                amplit positi sigmag amplit positi sigmag 
amplitudega     1.000 
positionga      1.000  1.000 
sigmaga         0.005  0.005  1.000 
amplitudegb    -0.214 -0.214  0.012  1.000 
positiongb     -0.214 -0.214  0.012  1.000  1.000 
sigmagb        -0.004 -0.004 -0.966  0.001  0.001  1.000 


*******************************************************************************
Sat Jun 22 02:11:05 2019


FIT:    data read from 'colours_ts22.txt' using 1:4
        format = x:z
        #datapoints = 976
        residuals are weighted equally (unit weight)

function used for fitting: gaussb(x)
	gaussb(x)=amplitudeba/(sigmaba*sqrt(2.*pi))*exp(-(x-positionba)**2/(2.*sigmaba**2)) - amplitudebb/(sigmabb*sqrt(2.*pi))*exp(-(x-positionbb)**2/(2.*sigmabb**2))
fitted parameters initialized with current variable values

iter      chisq       delta/lim  lambda   amplitudeba   positionba    sigmaba       amplitudebb   positionbb    sigmabb      
   0 1.2852727767e+06   0.00e+00  1.67e+05    2.250000e+07   1.555938e+09   1.900000e+04   1.200000e+07   1.555938e+09   1.500000e+04
   2 1.0715013273e+06  -1.69e-07  1.67e+11    2.250000e+07   1.555937e+09   1.900000e+04   1.200000e+07   1.555938e+09   1.500000e+04

After 2 iterations the fit converged.
final sum of squares of residuals : 1.0715e+06
rel. change during last iteration : -1.69011e-12

degrees of freedom    (FIT_NDF)                        : 970
rms of residuals      (FIT_STDFIT) = sqrt(WSSR/ndf)    : 33.2361
variance of residuals (reduced chisquare) = WSSR/ndf   : 1104.64

Final set of parameters            Asymptotic Standard Error
=======================            ==========================
amplitudeba     = 2.25e+07         +/- 1.159e+18    (5.152e+12%)
positionba      = 1.55594e+09      +/- 8.016e+16    (5.152e+09%)
sigmaba         = 19000            +/- 473.5        (2.492%)
amplitudebb     = 1.2e+07          +/- 8.021e+17    (6.684e+12%)
positionbb      = 1.55594e+09      +/- 1.04e+17     (6.684e+09%)
sigmabb         = 15000            +/- 617.7        (4.118%)

correlation matrix of the fit parameters:
                amplit positi sigmab amplit positi sigmab 
amplitudeba     1.000 
positionba      1.000  1.000 
sigmaba         0.016  0.016  1.000 
amplitudebb    -0.070 -0.070  0.014  1.000 
positionbb     -0.070 -0.070  0.014  1.000  1.000 
sigmabb         0.033  0.033  0.781  0.016  0.016  1.000 
