

*******************************************************************************
Tue Jun 25 20:18:29 2019


FIT:    data read from 'colours_ets22.txt' using 1:2
        format = x:z
        #datapoints = 976
        residuals are weighted equally (unit weight)

function used for fitting: gaussr(x)
	gaussr(x)=amplitudera/(sigmara*sqrt(2.*pi))*exp(-(x-positionra)**2/(2.*sigmara**2)) - amplituderb/(sigmarb*sqrt(2.*pi))*exp(-(x-positionrb)**2/(2.*sigmarb**2))
fitted parameters initialized with current variable values

iter      chisq       delta/lim  lambda   amplitudera   positionra    sigmara       amplituderb   positionrb    sigmarb      
   0 3.6576843129e+05   0.00e+00  2.92e+02    2.456780e+07  -3.637660e+02   1.482590e+04   1.744770e+07  -6.841550e+02   1.294320e+04
  62 3.6533892423e+05  -9.92e-01  2.92e+01    2.993079e+07  -3.837468e+02   1.462313e+04   2.281616e+07  -6.366115e+02   1.312927e+04

After 62 iterations the fit converged.
final sum of squares of residuals : 365339
rel. change during last iteration : -9.91567e-06

degrees of freedom    (FIT_NDF)                        : 970
rms of residuals      (FIT_STDFIT) = sqrt(WSSR/ndf)    : 19.4072
variance of residuals (reduced chisquare) = WSSR/ndf   : 376.638

Final set of parameters            Asymptotic Standard Error
=======================            ==========================
amplitudera     = 2.99308e+07      +/- 2.6e+08      (868.7%)
positionra      = -383.747         +/- 1290         (336.2%)
sigmara         = 14623.1          +/- 7306         (49.96%)
amplituderb     = 2.28162e+07      +/- 2.601e+08    (1140%)
positionrb      = -636.612         +/- 1287         (202.1%)
sigmarb         = 13129.3          +/- 7663         (58.37%)

correlation matrix of the fit parameters:
                amplit positi sigmar amplit positi sigmar 
amplitudera     1.000 
positionra     -0.983  1.000 
sigmara        -1.000  0.981  1.000 
amplituderb     1.000 -0.983 -1.000  1.000 
positionrb      0.979 -0.925 -0.981  0.979  1.000 
sigmarb         1.000 -0.984 -0.998  1.000  0.977  1.000 


*******************************************************************************
Tue Jun 25 20:18:31 2019


FIT:    data read from 'colours_ets22.txt' using 1:3
        format = x:z
        #datapoints = 976
        residuals are weighted equally (unit weight)

function used for fitting: gaussg(x)
	gaussg(x)=amplitudega/(sigmaga*sqrt(2.*pi))*exp(-(x-positionga)**2/(2.*sigmaga**2)) - amplitudegb/(sigmagb*sqrt(2.*pi))*exp(-(x-positiongb)**2/(2.*sigmagb**2))
fitted parameters initialized with current variable values

iter      chisq       delta/lim  lambda   amplitudega   positionga    sigmaga       amplitudegb   positiongb    sigmagb      
   0 4.6724063489e+05   0.00e+00  4.70e+02    3.769810e+07  -2.773710e+02   1.421140e+04   2.854760e+07  -3.437410e+02   1.255600e+04
  57 4.6683516572e+05  -9.99e-01  4.70e+01    4.283654e+07  -2.810686e+02   1.409577e+04   3.368949e+07  -3.385054e+02   1.266539e+04

After 57 iterations the fit converged.
final sum of squares of residuals : 466835
rel. change during last iteration : -9.9932e-06

degrees of freedom    (FIT_NDF)                        : 970
rms of residuals      (FIT_STDFIT) = sqrt(WSSR/ndf)    : 21.9379
variance of residuals (reduced chisquare) = WSSR/ndf   : 481.273

Final set of parameters            Asymptotic Standard Error
=======================            ==========================
amplitudega     = 4.28365e+07      +/- 3.089e+08    (721%)
positionga      = -281.069         +/- 270.4        (96.21%)
sigmaga         = 14095.8          +/- 5797         (41.13%)
amplitudegb     = 3.36895e+07      +/- 3.09e+08     (917.2%)
positiongb      = -338.505         +/- 311.4        (92%)
sigmagb         = 12665.4          +/- 5909         (46.65%)

correlation matrix of the fit parameters:
                amplit positi sigmag amplit positi sigmag 
amplitudega     1.000 
positionga     -0.792  1.000 
sigmaga        -1.000  0.788  1.000 
amplitudegb     1.000 -0.792 -1.000  1.000 
positiongb      0.822 -0.305 -0.825  0.822  1.000 
sigmagb         1.000 -0.794 -0.999  1.000  0.820  1.000 


*******************************************************************************
Tue Jun 25 20:18:32 2019


FIT:    data read from 'colours_ets22.txt' using 1:4
        format = x:z
        #datapoints = 976
        residuals are weighted equally (unit weight)

function used for fitting: gaussb(x)
	gaussb(x)=amplitudeba/(sigmaba*sqrt(2.*pi))*exp(-(x-positionba)**2/(2.*sigmaba**2)) - amplitudebb/(sigmabb*sqrt(2.*pi))*exp(-(x-positionbb)**2/(2.*sigmabb**2))
fitted parameters initialized with current variable values

iter      chisq       delta/lim  lambda   amplitudeba   positionba    sigmaba       amplitudebb   positionbb    sigmabb      
   0 6.4042646765e+05   0.00e+00  7.82e+02    5.872600e+07  -9.581130e+01   1.353900e+04   4.927090e+07  -2.251800e-01   1.228690e+04
   1 6.4042299525e+05  -5.42e-01  7.82e+01    5.878904e+07  -9.580639e+01   1.353835e+04   4.933395e+07  -2.251800e-01   1.228769e+04

After 1 iterations the fit converged.
final sum of squares of residuals : 640423
rel. change during last iteration : -5.42204e-06

degrees of freedom    (FIT_NDF)                        : 970
rms of residuals      (FIT_STDFIT) = sqrt(WSSR/ndf)    : 25.6949
variance of residuals (reduced chisquare) = WSSR/ndf   : 660.23

Final set of parameters            Asymptotic Standard Error
=======================            ==========================
amplitudeba     = 5.8789e+07       +/- 4.585e+08    (780%)
positionba      = -95.8064         +/- 475          (495.8%)
sigmaba         = 13538.3          +/- 5397         (39.86%)
amplitudebb     = 4.9334e+07       +/- 4.587e+08    (929.8%)
positionbb      = -0.22518         +/- 390          (1.732e+05%)
sigmabb         = 12287.7          +/- 5309         (43.21%)

correlation matrix of the fit parameters:
                amplit positi sigmab amplit positi sigmab 
amplitudeba     1.000 
positionba      0.956  1.000 
sigmaba        -1.000 -0.956  1.000 
amplitudebb     1.000  0.956 -1.000  1.000 
positionbb     -0.931 -0.784  0.931 -0.931  1.000 
sigmabb         1.000  0.956 -0.999  1.000 -0.931  1.000 
